2021-03-15T13:53:35.461Z - normal: Load ~/.CocosCreator/settings.json
2021-03-15T13:53:35.507Z - normal: Initializing Asset Database
2021-03-15T13:53:35.513Z - normal: checking language setting...
2021-03-15T13:53:35.513Z - normal: Language: en
2021-03-15T13:53:36.392Z - success: protocol editor-framework registered
2021-03-15T13:53:36.392Z - success: protocol app registered
2021-03-15T13:53:36.392Z - success: protocol theme registered
2021-03-15T13:53:36.392Z - success: protocol packages registered
2021-03-15T13:53:36.392Z - success: protocol uuid registerred
2021-03-15T13:53:36.392Z - success: protocol db registerred
2021-03-15T13:53:36.392Z - success: protocol thumbnail registerred
2021-03-15T13:53:36.392Z - success: protocol unpack registerred
2021-03-15T13:53:36.393Z - success: protocol disable-commonjs registerred
2021-03-15T13:53:36.729Z - normal: connected!
2021-03-15T13:53:36.730Z - normal: Check project C:\GameDev\cocos\tutorial-first-game-2.4\tutorial-first-game-2.4\start_project
2021-03-15T13:53:36.733Z - normal: Initializing project C:\GameDev\cocos\tutorial-first-game-2.4\tutorial-first-game-2.4\start_project
2021-03-15T13:53:36.885Z - success: adapters loaded
2021-03-15T13:53:36.889Z - success: asset-db-debugger loaded
2021-03-15T13:53:36.928Z - success: fb-audience-network loaded
2021-03-15T13:53:36.947Z - success: fb-live-stream loaded
2021-03-15T13:53:36.949Z - success: google-play-instant loaded
2021-03-15T13:53:36.950Z - success: jsb-adapter loaded
2021-03-15T13:53:36.954Z - success: package-manager loaded
2021-03-15T13:53:36.955Z - success: runtime-adapters loaded
2021-03-15T13:53:36.958Z - success: runtime-dev-tools loaded
2021-03-15T13:53:36.961Z - success: ui-kit-preview-extra loaded
2021-03-15T13:53:36.963Z - success: ui-kit-preview loaded
2021-03-15T13:53:37.001Z - success: alipay-minigame loaded
2021-03-15T13:53:37.049Z - success: assets loaded
2021-03-15T13:53:37.052Z - success: baidugame-opendata loaded
2021-03-15T13:53:37.053Z - success: baidugame loaded
2021-03-15T13:53:37.056Z - success: builder loaded
2021-03-15T13:53:37.058Z - success: bytedance-opendata loaded
2021-03-15T13:53:37.059Z - success: bytedance loaded
2021-03-15T13:53:37.062Z - success: channel-upload-tools loaded
2021-03-15T13:53:37.065Z - success: cloud-function loaded
2021-03-15T13:53:37.240Z - success: cocos-services loaded
2021-03-15T13:53:37.245Z - success: console loaded
2021-03-15T13:53:37.247Z - success: curve-editor loaded
2021-03-15T13:53:37.264Z - success: fb-instant-games loaded
2021-03-15T13:53:37.268Z - success: game-window loaded
2021-03-15T13:53:37.269Z - success: google-instant-games loaded
2021-03-15T13:53:37.274Z - success: hierarchy loaded
2021-03-15T13:53:37.278Z - success: huawei-agc loaded
2021-03-15T13:53:37.282Z - success: huawei-runtime loaded
2021-03-15T13:53:37.286Z - success: inspector loaded
2021-03-15T13:53:37.308Z - success: cpk-publish loaded
2021-03-15T13:53:37.308Z - success: keystore loaded
2021-03-15T13:53:37.330Z - success: link-sure-runtime loaded
2021-03-15T13:53:37.337Z - success: node-library loaded
2021-03-15T13:53:37.338Z - success: open-recent-items loaded
2021-03-15T13:53:37.340Z - success: oppo-runtime loaded
2021-03-15T13:53:37.342Z - success: package-asset loaded
2021-03-15T13:53:37.344Z - success: preferences loaded
2021-03-15T13:53:37.345Z - success: project-importer loaded
2021-03-15T13:53:37.347Z - success: project-settings loaded
2021-03-15T13:53:37.366Z - success: qtt-runtime loaded
2021-03-15T13:53:37.368Z - success: scene loaded
2021-03-15T13:53:37.368Z - success: simulator-debugger loaded
2021-03-15T13:53:37.368Z - success: sprite-editor loaded
2021-03-15T13:53:37.396Z - success: store loaded
2021-03-15T13:53:37.398Z - success: timeline loaded
2021-03-15T13:53:37.402Z - success: vivo-runtime loaded
2021-03-15T13:53:37.404Z - success: wechatgame-opendata loaded
2021-03-15T13:53:37.406Z - success: wechatgame loaded
2021-03-15T13:53:37.410Z - success: xiaomi-runtime loaded
2021-03-15T13:53:37.415Z - success: preview server running at http://localhost:7456
2021-03-15T13:53:38.852Z - info: Cocos Service load base data!
2021-03-15T13:53:39.137Z - normal: Initializing Cocos2d
2021-03-15T13:53:39.576Z - normal: Initializing engine extends
2021-03-15T13:53:48.140Z - normal: Loading packages
2021-03-15T13:53:48.148Z - normal: Watching packages
2021-03-15T13:53:48.202Z - normal: Run Application
2021-03-15T23:57:41.514Z - failed: [db-task][sync-changes] Failed to import asset C:\GameDev\cocos\tutorial-first-game-2.4\tutorial-first-game-2.4\start_project\assets\02. Script\Player.js, message: Compile error: SyntaxError: C:\GameDev\cocos\tutorial-first-game-2.4\tutorial-first-game-2.4\start_project\assets\02. Script\Player.js: Unexpected keyword 'this' (53:32)

  51 |     },
  52 | 
> 53 |     onKeyDown: function (event, this) {
     |                                 ^
  54 |         console.log(event);
  55 |         console.log(this);
  56 |     },
    at Parser._raise (C:\CocosDashboard_1.0.11\resources\.editors\Creator\2.4.4\resources\app.asar\node_modules\@babel\parser\lib\index.js:748:17)
    at Parser.raiseWithData (C:\CocosDashboard_1.0.11\resources\.editors\Creator\2.4.4\resources\app.asar\node_modules\@babel\parser\lib\index.js:741:17)
    at Parser.raise (C:\CocosDashboard_1.0.11\resources\.editors\Creator\2.4.4\resources\app.asar\node_modules\@babel\parser\lib\index.js:735:17)
    at Parser.checkReservedWord (C:\CocosDashboard_1.0.11\resources\.editors\Creator\2.4.4\resources\app.asar\node_modules\@babel\parser\lib\index.js:11378:12)
    at Parser.parseIdentifierName (C:\CocosDashboard_1.0.11\resources\.editors\Creator\2.4.4\resources\app.asar\node_modules\@babel\parser\lib\index.js:11350:12)
    at Parser.parseIdentifier (C:\CocosDashboard_1.0.11\resources\.editors\Creator\2.4.4\resources\app.asar\node_modules\@babel\parser\lib\index.js:11317:23)
    at Parser.parseBindingAtom (C:\CocosDashboard_1.0.11\resources\.editors\Creator\2.4.4\resources\app.asar\node_modules\@babel\parser\lib\index.js:9495:17)
    at Parser.parseMaybeDefault (C:\CocosDashboard_1.0.11\resources\.editors\Creator\2.4.4\resources\app.asar\node_modules\@babel\parser\lib\index.js:9557:50)
    at Parser.parseAssignableListItem (C:\CocosDashboard_1.0.11\resources\.editors\Creator\2.4.4\resources\app.asar\node_modules\@babel\parser\lib\index.js:9537:23)
    at Parser.parseBindingList (C:\CocosDashboard_1.0.11\resources\.editors\Creator\2.4.4\resources\app.asar\node_modules\@babel\parser\lib\index.js:9529:24)
2021-03-16T00:31:57.009Z - failed: [db-task][sync-changes] Failed to import asset C:\GameDev\cocos\tutorial-first-game-2.4\tutorial-first-game-2.4\start_project\assets\02. Script\Game.js, message: Compile error: SyntaxError: C:\GameDev\cocos\tutorial-first-game-2.4\tutorial-first-game-2.4\start_project\assets\02. Script\Game.js: Unexpected token (46:47)

  44 | 
  45 |     getRandom: function (min, max) {
> 46 |         return Math.round(Math.random() * (max-in) + min);
     |                                                ^
  47 |     },
  48 | 
  49 |     // update (dt) {},
    at Parser._raise (C:\CocosDashboard_1.0.11\resources\.editors\Creator\2.4.4\resources\app.asar\node_modules\@babel\parser\lib\index.js:748:17)
    at Parser.raiseWithData (C:\CocosDashboard_1.0.11\resources\.editors\Creator\2.4.4\resources\app.asar\node_modules\@babel\parser\lib\index.js:741:17)
    at Parser.raise (C:\CocosDashboard_1.0.11\resources\.editors\Creator\2.4.4\resources\app.asar\node_modules\@babel\parser\lib\index.js:735:17)
    at Parser.unexpected (C:\CocosDashboard_1.0.11\resources\.editors\Creator\2.4.4\resources\app.asar\node_modules\@babel\parser\lib\index.js:9101:16)
    at Parser.parseExprAtom (C:\CocosDashboard_1.0.11\resources\.editors\Creator\2.4.4\resources\app.asar\node_modules\@babel\parser\lib\index.js:10575:20)
    at Parser.parseExprSubscripts (C:\CocosDashboard_1.0.11\resources\.editors\Creator\2.4.4\resources\app.asar\node_modules\@babel\parser\lib\index.js:10150:23)
    at Parser.parseUpdate (C:\CocosDashboard_1.0.11\resources\.editors\Creator\2.4.4\resources\app.asar\node_modules\@babel\parser\lib\index.js:10130:21)
    at Parser.parseMaybeUnary (C:\CocosDashboard_1.0.11\resources\.editors\Creator\2.4.4\resources\app.asar\node_modules\@babel\parser\lib\index.js:10119:17)
    at Parser.parseExprOpBaseRightExpr (C:\CocosDashboard_1.0.11\resources\.editors\Creator\2.4.4\resources\app.asar\node_modules\@babel\parser\lib\index.js:10080:34)
    at Parser.parseExprOpRightExpr (C:\CocosDashboard_1.0.11\resources\.editors\Creator\2.4.4\resources\app.asar\node_modules\@babel\parser\lib\index.js:10073:21)
2021-03-16T00:34:26.082Z - failed: [db-task][sync-changes] Failed to import asset C:\GameDev\cocos\tutorial-first-game-2.4\tutorial-first-game-2.4\start_project\assets\02. Script\Game.js, message: Compile error: SyntaxError: C:\GameDev\cocos\tutorial-first-game-2.4\tutorial-first-game-2.4\start_project\assets\02. Script\Game.js: Unexpected token (46:47)

  44 | 
  45 |     getRandom: function (min, max) {
> 46 |         return Math.round(Math.random() * (max-in) + min);
     |                                                ^
  47 |     },
  48 | 
  49 |     update(dt) {
    at Parser._raise (C:\CocosDashboard_1.0.11\resources\.editors\Creator\2.4.4\resources\app.asar\node_modules\@babel\parser\lib\index.js:748:17)
    at Parser.raiseWithData (C:\CocosDashboard_1.0.11\resources\.editors\Creator\2.4.4\resources\app.asar\node_modules\@babel\parser\lib\index.js:741:17)
    at Parser.raise (C:\CocosDashboard_1.0.11\resources\.editors\Creator\2.4.4\resources\app.asar\node_modules\@babel\parser\lib\index.js:735:17)
    at Parser.unexpected (C:\CocosDashboard_1.0.11\resources\.editors\Creator\2.4.4\resources\app.asar\node_modules\@babel\parser\lib\index.js:9101:16)
    at Parser.parseExprAtom (C:\CocosDashboard_1.0.11\resources\.editors\Creator\2.4.4\resources\app.asar\node_modules\@babel\parser\lib\index.js:10575:20)
    at Parser.parseExprSubscripts (C:\CocosDashboard_1.0.11\resources\.editors\Creator\2.4.4\resources\app.asar\node_modules\@babel\parser\lib\index.js:10150:23)
    at Parser.parseUpdate (C:\CocosDashboard_1.0.11\resources\.editors\Creator\2.4.4\resources\app.asar\node_modules\@babel\parser\lib\index.js:10130:21)
    at Parser.parseMaybeUnary (C:\CocosDashboard_1.0.11\resources\.editors\Creator\2.4.4\resources\app.asar\node_modules\@babel\parser\lib\index.js:10119:17)
    at Parser.parseExprOpBaseRightExpr (C:\CocosDashboard_1.0.11\resources\.editors\Creator\2.4.4\resources\app.asar\node_modules\@babel\parser\lib\index.js:10080:34)
    at Parser.parseExprOpRightExpr (C:\CocosDashboard_1.0.11\resources\.editors\Creator\2.4.4\resources\app.asar\node_modules\@babel\parser\lib\index.js:10073:21)
2021-03-16T00:34:32.215Z - error: Can not find cc.Component in the script 277bdyzslpEEZJuSYZC7Ruz.
    at Object.g [as checkAddComponentID] (C:\CocosDashboard_1.0.11\resources\.editors\Creator\2.4.4\resources\app.asar\editor\page\scene-utils\utils\scene.js:1:2004)
    at C:\CocosDashboard_1.0.11\resources\.editors\Creator\2.4.4\resources\app.asar\editor\builtin\scene\panel\messages\scene-operation.js:1:1790
    at o (C:\CocosDashboard_1.0.11\resources\.editors\Creator\2.4.4\resources\app.asar\editor\builtin\scene\panel\messages\scene-operation.js:1:503)
    at HTMLElement.add-component (C:\CocosDashboard_1.0.11\resources\.editors\Creator\2.4.4\resources\app.asar\editor\builtin\scene\panel\messages\scene-operation.js:1:1779)
    at Object.e._dispatch (C:\CocosDashboard_1.0.11\resources\.editors\Creator\2.4.4\resources\app.asar\editor-framework\lib\renderer\panel.js:1:1876)
    at EventEmitter.<anonymous> (C:\CocosDashboard_1.0.11\resources\.editors\Creator\2.4.4\resources\app.asar\editor-framework\lib\renderer\ipc.js:1:2952)
    at EventEmitter.emit (events.js:194:13)
    at EventEmitter.emit (domain.js:469:20)
    at EventEmitter.topLevelDomainCallback (domain.js:124:23)
2021-03-16T00:34:38.030Z - failed: [db-task][sync-changes] Failed to import asset C:\GameDev\cocos\tutorial-first-game-2.4\tutorial-first-game-2.4\start_project\assets\02. Script\Game.js, message: Compile error: SyntaxError: C:\GameDev\cocos\tutorial-first-game-2.4\tutorial-first-game-2.4\start_project\assets\02. Script\Game.js: Unexpected token (46:47)

  44 | 
  45 |     getRandom: function (min, max) {
> 46 |         return Math.round(Math.random() * (max-in) + min);
     |                                                ^
  47 |     },
  48 | 
  49 |     update(dt) {
    at Parser._raise (C:\CocosDashboard_1.0.11\resources\.editors\Creator\2.4.4\resources\app.asar\node_modules\@babel\parser\lib\index.js:748:17)
    at Parser.raiseWithData (C:\CocosDashboard_1.0.11\resources\.editors\Creator\2.4.4\resources\app.asar\node_modules\@babel\parser\lib\index.js:741:17)
    at Parser.raise (C:\CocosDashboard_1.0.11\resources\.editors\Creator\2.4.4\resources\app.asar\node_modules\@babel\parser\lib\index.js:735:17)
    at Parser.unexpected (C:\CocosDashboard_1.0.11\resources\.editors\Creator\2.4.4\resources\app.asar\node_modules\@babel\parser\lib\index.js:9101:16)
    at Parser.parseExprAtom (C:\CocosDashboard_1.0.11\resources\.editors\Creator\2.4.4\resources\app.asar\node_modules\@babel\parser\lib\index.js:10575:20)
    at Parser.parseExprSubscripts (C:\CocosDashboard_1.0.11\resources\.editors\Creator\2.4.4\resources\app.asar\node_modules\@babel\parser\lib\index.js:10150:23)
    at Parser.parseUpdate (C:\CocosDashboard_1.0.11\resources\.editors\Creator\2.4.4\resources\app.asar\node_modules\@babel\parser\lib\index.js:10130:21)
    at Parser.parseMaybeUnary (C:\CocosDashboard_1.0.11\resources\.editors\Creator\2.4.4\resources\app.asar\node_modules\@babel\parser\lib\index.js:10119:17)
    at Parser.parseExprOpBaseRightExpr (C:\CocosDashboard_1.0.11\resources\.editors\Creator\2.4.4\resources\app.asar\node_modules\@babel\parser\lib\index.js:10080:34)
    at Parser.parseExprOpRightExpr (C:\CocosDashboard_1.0.11\resources\.editors\Creator\2.4.4\resources\app.asar\node_modules\@babel\parser\lib\index.js:10073:21)
2021-03-16T00:34:50.481Z - error: Can not find cc.Component in the script 277bdyzslpEEZJuSYZC7Ruz.
    at Object.g [as checkAddComponentID] (C:\CocosDashboard_1.0.11\resources\.editors\Creator\2.4.4\resources\app.asar\editor\page\scene-utils\utils\scene.js:1:2004)
    at C:\CocosDashboard_1.0.11\resources\.editors\Creator\2.4.4\resources\app.asar\editor\builtin\scene\panel\messages\scene-operation.js:1:1790
    at o (C:\CocosDashboard_1.0.11\resources\.editors\Creator\2.4.4\resources\app.asar\editor\builtin\scene\panel\messages\scene-operation.js:1:503)
    at HTMLElement.add-component (C:\CocosDashboard_1.0.11\resources\.editors\Creator\2.4.4\resources\app.asar\editor\builtin\scene\panel\messages\scene-operation.js:1:1779)
    at Object.e._dispatch (C:\CocosDashboard_1.0.11\resources\.editors\Creator\2.4.4\resources\app.asar\editor-framework\lib\renderer\panel.js:1:1876)
    at EventEmitter.<anonymous> (C:\CocosDashboard_1.0.11\resources\.editors\Creator\2.4.4\resources\app.asar\editor-framework\lib\renderer\ipc.js:1:2952)
    at EventEmitter.emit (events.js:194:13)
    at EventEmitter.emit (domain.js:469:20)
    at EventEmitter.topLevelDomainCallback (domain.js:124:23)
2021-03-16T00:50:43.714Z - failed: [db-task][sync-changes] Failed to import asset C:\GameDev\cocos\tutorial-first-game-2.4\tutorial-first-game-2.4\start_project\assets\02. Script\Star.js, message: Compile error: SyntaxError: C:\GameDev\cocos\tutorial-first-game-2.4\tutorial-first-game-2.4\start_project\assets\02. Script\Star.js: Unexpected token, expected "{" (10:12)

   8 |     // LIFE-CYCLE CALLBACKS:
   9 | 
> 10 |     onLoad(): function {
     |             ^
  11 |         // 타이머 초기화.
  12 |         this.timer = 0;
  13 |     },
    at Parser._raise (C:\CocosDashboard_1.0.11\resources\.editors\Creator\2.4.4\resources\app.asar\node_modules\@babel\parser\lib\index.js:748:17)
    at Parser.raiseWithData (C:\CocosDashboard_1.0.11\resources\.editors\Creator\2.4.4\resources\app.asar\node_modules\@babel\parser\lib\index.js:741:17)
    at Parser.raise (C:\CocosDashboard_1.0.11\resources\.editors\Creator\2.4.4\resources\app.asar\node_modules\@babel\parser\lib\index.js:735:17)
    at Parser.unexpected (C:\CocosDashboard_1.0.11\resources\.editors\Creator\2.4.4\resources\app.asar\node_modules\@babel\parser\lib\index.js:9101:16)
    at Parser.expect (C:\CocosDashboard_1.0.11\resources\.editors\Creator\2.4.4\resources\app.asar\node_modules\@babel\parser\lib\index.js:9087:28)
    at Parser.parseBlock (C:\CocosDashboard_1.0.11\resources\.editors\Creator\2.4.4\resources\app.asar\node_modules\@babel\parser\lib\index.js:12227:10)
    at Parser.parseFunctionBody (C:\CocosDashboard_1.0.11\resources\.editors\Creator\2.4.4\resources\app.asar\node_modules\@babel\parser\lib\index.js:11221:24)
    at Parser.parseFunctionBodyAndFinish (C:\CocosDashboard_1.0.11\resources\.editors\Creator\2.4.4\resources\app.asar\node_modules\@babel\parser\lib\index.js:11205:10)
    at Parser.parseMethod (C:\CocosDashboard_1.0.11\resources\.editors\Creator\2.4.4\resources\app.asar\node_modules\@babel\parser\lib\index.js:11155:10)
    at Parser.parseObjectMethod (C:\CocosDashboard_1.0.11\resources\.editors\Creator\2.4.4\resources\app.asar\node_modules\@babel\parser\lib\index.js:11084:19)
2021-03-16T00:53:37.517Z - failed: [db-task][sync-changes] Failed to import asset C:\GameDev\cocos\tutorial-first-game-2.4\tutorial-first-game-2.4\start_project\assets\02. Script\Star.js, message: Compile error: SyntaxError: C:\GameDev\cocos\tutorial-first-game-2.4\tutorial-first-game-2.4\start_project\assets\02. Script\Star.js: Unexpected token, expected "{" (10:12)

   8 |     // LIFE-CYCLE CALLBACKS:
   9 | 
> 10 |     onLoad(): function {
     |             ^
  11 |         // 타이머 초기화.
  12 |         this.timer = 0;
  13 |     },
    at Parser._raise (C:\CocosDashboard_1.0.11\resources\.editors\Creator\2.4.4\resources\app.asar\node_modules\@babel\parser\lib\index.js:748:17)
    at Parser.raiseWithData (C:\CocosDashboard_1.0.11\resources\.editors\Creator\2.4.4\resources\app.asar\node_modules\@babel\parser\lib\index.js:741:17)
    at Parser.raise (C:\CocosDashboard_1.0.11\resources\.editors\Creator\2.4.4\resources\app.asar\node_modules\@babel\parser\lib\index.js:735:17)
    at Parser.unexpected (C:\CocosDashboard_1.0.11\resources\.editors\Creator\2.4.4\resources\app.asar\node_modules\@babel\parser\lib\index.js:9101:16)
    at Parser.expect (C:\CocosDashboard_1.0.11\resources\.editors\Creator\2.4.4\resources\app.asar\node_modules\@babel\parser\lib\index.js:9087:28)
    at Parser.parseBlock (C:\CocosDashboard_1.0.11\resources\.editors\Creator\2.4.4\resources\app.asar\node_modules\@babel\parser\lib\index.js:12227:10)
    at Parser.parseFunctionBody (C:\CocosDashboard_1.0.11\resources\.editors\Creator\2.4.4\resources\app.asar\node_modules\@babel\parser\lib\index.js:11221:24)
    at Parser.parseFunctionBodyAndFinish (C:\CocosDashboard_1.0.11\resources\.editors\Creator\2.4.4\resources\app.asar\node_modules\@babel\parser\lib\index.js:11205:10)
    at Parser.parseMethod (C:\CocosDashboard_1.0.11\resources\.editors\Creator\2.4.4\resources\app.asar\node_modules\@babel\parser\lib\index.js:11155:10)
    at Parser.parseObjectMethod (C:\CocosDashboard_1.0.11\resources\.editors\Creator\2.4.4\resources\app.asar\node_modules\@babel\parser\lib\index.js:11084:19)
2021-03-16T00:53:38.243Z - warn: Script attached to "star" is missing or invalid. Detailed information:
Node path: "star"
Script UUID: "a49a856f-f8aa-40b8-8a27-0e77861f9739"
Class ID: "a49a8Vv+KpAuIonDneGH5c5"

2021-03-16T00:54:06.713Z - warn: Script attached to "star" is missing or invalid. Detailed information:
Node path: "star"
Script UUID: "a49a856f-f8aa-40b8-8a27-0e77861f9739"
Class ID: "a49a8Vv+KpAuIonDneGH5c5"

2021-03-16T00:54:25.723Z - error: Can not find cc.Component in the script a49a8Vv+KpAuIonDneGH5c5.
    at Object.g [as checkAddComponentID] (C:\CocosDashboard_1.0.11\resources\.editors\Creator\2.4.4\resources\app.asar\editor\page\scene-utils\utils\scene.js:1:2004)
    at C:\CocosDashboard_1.0.11\resources\.editors\Creator\2.4.4\resources\app.asar\editor\builtin\scene\panel\messages\scene-operation.js:1:1790
    at o (C:\CocosDashboard_1.0.11\resources\.editors\Creator\2.4.4\resources\app.asar\editor\builtin\scene\panel\messages\scene-operation.js:1:503)
    at HTMLElement.add-component (C:\CocosDashboard_1.0.11\resources\.editors\Creator\2.4.4\resources\app.asar\editor\builtin\scene\panel\messages\scene-operation.js:1:1779)
    at Object.e._dispatch (C:\CocosDashboard_1.0.11\resources\.editors\Creator\2.4.4\resources\app.asar\editor-framework\lib\renderer\panel.js:1:1876)
    at EventEmitter.<anonymous> (C:\CocosDashboard_1.0.11\resources\.editors\Creator\2.4.4\resources\app.asar\editor-framework\lib\renderer\ipc.js:1:2952)
    at EventEmitter.emit (events.js:194:13)
    at EventEmitter.emit (domain.js:469:20)
    at EventEmitter.topLevelDomainCallback (domain.js:124:23)
2021-03-16T00:55:06.985Z - warn: The Asset used by component "Game" is missing. Detailed information:
Node path: "Canvas"
Missing uuid: "9cab3c8c-978f-4957-8e4c-d846e8c4cf94"

2021-03-16T00:55:06.990Z - warn: The Asset used by node "star" is missing. Detailed information:
Node path: "star"
Missing uuid: "9cab3c8c-978f-4957-8e4c-d846e8c4cf94"

2021-03-16T00:55:06.990Z - warn: The Asset used is missing. Detailed information:
Missing uuid: "9cab3c8c-978f-4957-8e4c-d846e8c4cf94"

2021-03-16T00:55:06.990Z - warn: The Asset used is missing. Detailed information:
Missing uuid: "9cab3c8c-978f-4957-8e4c-d846e8c4cf94"

2021-03-16T00:55:06.990Z - warn: The Asset used is missing. Detailed information:
Missing uuid: "9cab3c8c-978f-4957-8e4c-d846e8c4cf94"

2021-03-16T00:55:06.990Z - warn: The Asset used is missing. Detailed information:
Missing uuid: "9cab3c8c-978f-4957-8e4c-d846e8c4cf94"

2021-03-16T00:55:06.990Z - warn: The Asset used is missing. Detailed information:
Missing uuid: "9cab3c8c-978f-4957-8e4c-d846e8c4cf94"

2021-03-16T00:55:06.990Z - warn: The Asset used is missing. Detailed information:
Missing uuid: "9cab3c8c-978f-4957-8e4c-d846e8c4cf94"

2021-03-16T02:58:54.824Z - warn: The PageViewIndicator referenced by component "cc.PageView" is invalid. Detailed information:
Node path: "Canvas/pageview"

2021-03-16T02:59:30.115Z - warn: The PageViewIndicator referenced by component "cc.PageView" is invalid. Detailed information:
Node path: "Canvas/pageview"

2021-03-16T03:39:30.731Z - error: scene not saved. Please build project after saveing project.
    at eval (C:\CocosDashboard_1.0.11\resources\.editors\Creator\2.4.4\resources\app.asar\editor\builtin\builder\panel\builder.js:1:10518)
    at EventEmitter.<anonymous> (C:\CocosDashboard_1.0.11\resources\.editors\Creator\2.4.4\resources\app.asar\editor-framework\lib\renderer\ipc.js:1:3788)
    at EventEmitter.emit (events.js:194:13)
2021-03-16T03:39:40.671Z - normal: Start building with options : {
  "actualPlatform": "web-mobile",
  "agreements": {},
  "android": {
    "REMOTE_SERVER_ROOT": "",
    "packageName": "org.cocos2d.demo"
  },
  "android-instant": {
    "REMOTE_SERVER_ROOT": "",
    "host": "",
    "packageName": "org.cocos2d.demo",
    "pathPattern": "",
    "recordPath": "",
    "scheme": "https",
    "skipRecord": false
  },
  "apiLevel": "",
  "appABIs": [],
  "appBundle": false,
  "buildPath": "C:\\GameDev\\cocos\\tutorial-first-game-2.4\\tutorial-first-game-2.4\\start_project\\build",
  "buildScriptsOnly": false,
  "debug": false,
  "dest": "C:\\GameDev\\cocos\\tutorial-first-game-2.4\\tutorial-first-game-2.4\\start_project\\build\\web-mobile",
  "embedWebDebugger": false,
  "encryptJs": true,
  "excludeScenes": [],
  "excludedModules": [
    "3D Physics/Builtin"
  ],
  "fb-instant-games": {},
  "inlineSpriteFrames": true,
  "inlineSpriteFrames_native": true,
  "ios": {
    "REMOTE_SERVER_ROOT": "",
    "ios_enable_jit": true,
    "packageName": "org.cocos2d.demo"
  },
  "mac": {
    "REMOTE_SERVER_ROOT": "",
    "height": 720,
    "packageName": "org.cocos2d.demo",
    "width": 1280
  },
  "mainCompressionType": "default",
  "mainIsRemote": false,
  "md5Cache": true,
  "optimizeHotUpdate": false,
  "orientation": {
    "landscapeLeft": true,
    "landscapeRight": true,
    "portrait": false,
    "upsideDown": false
  },
  "packageName": "org.cocos2d.demo",
  "platform": "web-mobile",
  "previewHeight": "720",
  "previewWidth": "1280",
  "scenes": [
    "403b5f25-8464-4155-91b1-529d2271b511"
  ],
  "separateEngineMode": false,
  "sourceMaps": false,
  "startScene": "403b5f25-8464-4155-91b1-529d2271b511",
  "template": "link",
  "title": "start_project",
  "useDebugKeystore": true,
  "vsVersion": "auto",
  "webOrientation": "auto",
  "win32": {
    "REMOTE_SERVER_ROOT": "",
    "height": 720,
    "width": 1280
  },
  "xxteaKey": "41edfd49-c0b3-40",
  "zipCompressJs": true,
  "project": "C:\\GameDev\\cocos\\tutorial-first-game-2.4\\tutorial-first-game-2.4\\start_project",
  "projectName": "start_project",
  "debugBuildWorker": false
}
2021-03-16T03:39:40.673Z - normal: Building C:\GameDev\cocos\tutorial-first-game-2.4\tutorial-first-game-2.4\start_project
2021-03-16T03:39:40.673Z - normal: Destination C:\GameDev\cocos\tutorial-first-game-2.4\tutorial-first-game-2.4\start_project\build\web-mobile
2021-03-16T03:39:40.841Z - normal: Delete C:/GameDev/cocos/tutorial-first-game-2.4/tutorial-first-game-2.4/start_project/build/web-mobile/**/*
2021-03-16T03:39:40.847Z - normal: Building 3D physics modules...
2021-03-16T03:40:30.651Z - normal: Compiling C:\GameDev\cocos\tutorial-first-game-2.4\tutorial-first-game-2.4\start_project
2021-03-16T03:40:30.984Z - normal: Start building assets
2021-03-16T03:40:30.984Z - normal: Start spawn build-worker
2021-03-16T03:40:31.513Z - normal: Finish spawn build-worker
2021-03-16T03:40:31.514Z - normal: Start init build-worker
2021-03-16T03:40:38.686Z - normal: Finish init build-worker
2021-03-16T03:40:38.686Z - normal: Start build-assets in worker
2021-03-16T03:40:39.124Z - normal: Finish build-assets in worker
2021-03-16T03:40:39.150Z - normal: Finish building assets
2021-03-16T03:40:39.162Z - normal: Start building plugin scripts
2021-03-16T03:40:39.193Z - normal: Generating main.js from C:\CocosDashboard_1.0.11\resources\.editors\Creator\2.4.4\resources\static\build-templates\shares\main.js
2021-03-16T03:40:39.233Z - normal: Generating html from C:\CocosDashboard_1.0.11\resources\.editors\Creator\2.4.4\resources\static\build-templates\web-mobile\template\index.html
2021-03-16T03:40:39.917Z - normal: Built to "C:\GameDev\cocos\tutorial-first-game-2.4\tutorial-first-game-2.4\start_project\build\web-mobile" successfully
